<?xml version="1.0" encoding="UTF-8"?>
<testng-results ignored="0" total="4" passed="4" failed="0" skipped="0">
  <reporter-output>
  </reporter-output>
  <suite started-at="2021-10-01T11:02:26 PDT" name="Surefire suite" finished-at="2021-10-01T11:02:45 PDT" duration-ms="19289">
    <groups>
      <group name="cucumber">
        <method signature="AbstractTestNGCucumberTests.runScenario(io.cucumber.testng.PickleWrapper,io.cucumber.testng.FeatureWrapper)[pri:0, instance:cucumberParallel.RunCucumberTest@32464a14]" name="runScenario" class="io.cucumber.testng.AbstractTestNGCucumberTests"/>
      </group> <!-- cucumber -->
    </groups>
    <test started-at="2021-10-01T11:02:26 PDT" name="Surefire test" finished-at="2021-10-01T11:02:45 PDT" duration-ms="19289">
      <class name="cucumberParallel.RunCucumberTest">
        <test-method is-config="true" signature="setUpClass()[pri:0, instance:cucumberParallel.RunCucumberTest@32464a14]" started-at="2021-10-01T11:02:26 PDT" name="setUpClass" finished-at="2021-10-01T11:02:26 PDT" duration-ms="315" status="PASS">
          <reporter-output>
          </reporter-output>
        </test-method> <!-- setUpClass -->
        <test-method signature="runScenario(io.cucumber.testng.PickleWrapper,io.cucumber.testng.FeatureWrapper)[pri:0, instance:cucumberParallel.RunCucumberTest@32464a14]" started-at="2021-10-01T11:02:26 PDT" name="runScenario" description="Runs Cucumber Scenarios" data-provider="scenarios" finished-at="2021-10-01T11:02:37 PDT" duration-ms="10748" status="PASS">
          <params>
            <param index="0">
              <value>
                <![CDATA["Test if login page buttons and fields exist"]]>
              </value>
            </param>
            <param index="1">
              <value>
                <![CDATA["Optional[Testing Wikipedia Login]"]]>
              </value>
            </param>
          </params>
          <reporter-output>
          </reporter-output>
        </test-method> <!-- runScenario -->
        <test-method signature="runScenario(io.cucumber.testng.PickleWrapper,io.cucumber.testng.FeatureWrapper)[pri:0, instance:cucumberParallel.RunCucumberTest@32464a14]" started-at="2021-10-01T11:02:26 PDT" name="runScenario" description="Runs Cucumber Scenarios" data-provider="scenarios" finished-at="2021-10-01T11:02:43 PDT" duration-ms="16435" status="PASS">
          <params>
            <param index="0">
              <value>
                <![CDATA["Test login functionality supplied with username and password"]]>
              </value>
            </param>
            <param index="1">
              <value>
                <![CDATA["Optional[Testing Wikipedia Login]"]]>
              </value>
            </param>
          </params>
          <reporter-output>
          </reporter-output>
        </test-method> <!-- runScenario -->
        <test-method signature="runScenario(io.cucumber.testng.PickleWrapper,io.cucumber.testng.FeatureWrapper)[pri:0, instance:cucumberParallel.RunCucumberTest@32464a14]" started-at="2021-10-01T11:02:26 PDT" name="runScenario" description="Runs Cucumber Scenarios" data-provider="scenarios" finished-at="2021-10-01T11:02:37 PDT" duration-ms="10810" status="PASS">
          <params>
            <param index="0">
              <value>
                <![CDATA["Test if login button works"]]>
              </value>
            </param>
            <param index="1">
              <value>
                <![CDATA["Optional[Testing Wikipedia Login]"]]>
              </value>
            </param>
          </params>
          <reporter-output>
          </reporter-output>
        </test-method> <!-- runScenario -->
        <test-method signature="runScenario(io.cucumber.testng.PickleWrapper,io.cucumber.testng.FeatureWrapper)[pri:0, instance:cucumberParallel.RunCucumberTest@32464a14]" started-at="2021-10-01T11:02:26 PDT" name="runScenario" description="Runs Cucumber Scenarios" data-provider="scenarios" finished-at="2021-10-01T11:02:36 PDT" duration-ms="10283" status="PASS">
          <params>
            <param index="0">
              <value>
                <![CDATA["Test if login button exists"]]>
              </value>
            </param>
            <param index="1">
              <value>
                <![CDATA["Optional[Testing Wikipedia Login]"]]>
              </value>
            </param>
          </params>
          <reporter-output>
          </reporter-output>
        </test-method> <!-- runScenario -->
        <test-method is-config="true" signature="tearDownClass()[pri:0, instance:cucumberParallel.RunCucumberTest@32464a14]" started-at="2021-10-01T11:02:43 PDT" name="tearDownClass" finished-at="2021-10-01T11:02:45 PDT" duration-ms="2517" status="PASS">
          <reporter-output>
          </reporter-output>
        </test-method> <!-- tearDownClass -->
      </class> <!-- cucumberParallel.RunCucumberTest -->
    </test> <!-- Surefire test -->
  </suite> <!-- Surefire suite -->
</testng-results>
