<?xml version="1.0" encoding="UTF-8"?>
<testng-results ignored="0" total="2" passed="2" failed="0" skipped="0">
  <reporter-output>
  </reporter-output>
  <suite started-at="2021-09-29T13:53:33 PDT" name="seleniumCucumberReact.RunCucumberTest" finished-at="2021-09-29T13:53:47 PDT" duration-ms="13928">
    <groups>
      <group name="cucumber">
        <method signature="AbstractTestNGCucumberTests.runScenario(io.cucumber.testng.PickleWrapper,io.cucumber.testng.FeatureWrapper)[pri:0, instance:seleniumCucumberReact.RunCucumberTest@68ceda24]" name="runScenario" class="io.cucumber.testng.AbstractTestNGCucumberTests"/>
      </group> <!-- cucumber -->
    </groups>
    <test started-at="2021-09-29T13:53:33 PDT" name="Command line test" finished-at="2021-09-29T13:53:47 PDT" duration-ms="13928">
      <class name="seleniumCucumberReact.RunCucumberTest">
        <test-method is-config="true" signature="setUpClass()[pri:0, instance:seleniumCucumberReact.RunCucumberTest@68ceda24]" started-at="2021-09-29T13:53:33 PDT" name="setUpClass" finished-at="2021-09-29T13:53:34 PDT" duration-ms="250" status="PASS">
          <reporter-output>
          </reporter-output>
        </test-method> <!-- setUpClass -->
        <test-method signature="runScenario(io.cucumber.testng.PickleWrapper,io.cucumber.testng.FeatureWrapper)[pri:0, instance:seleniumCucumberReact.RunCucumberTest@68ceda24]" started-at="2021-09-29T13:53:34 PDT" name="runScenario" description="Runs Cucumber Scenarios" data-provider="scenarios" finished-at="2021-09-29T13:53:45 PDT" duration-ms="11591" status="PASS">
          <params>
            <param index="0">
              <value>
                <![CDATA["Verify courses button existence"]]>
              </value>
            </param>
            <param index="1">
              <value>
                <![CDATA["Optional[clicking through different courses]"]]>
              </value>
            </param>
          </params>
          <reporter-output>
          </reporter-output>
        </test-method> <!-- runScenario -->
        <test-method signature="runScenario(io.cucumber.testng.PickleWrapper,io.cucumber.testng.FeatureWrapper)[pri:0, instance:seleniumCucumberReact.RunCucumberTest@68ceda24]" started-at="2021-09-29T13:53:34 PDT" name="runScenario" description="Runs Cucumber Scenarios" data-provider="scenarios" finished-at="2021-09-29T13:53:45 PDT" duration-ms="11340" status="PASS">
          <params>
            <param index="0">
              <value>
                <![CDATA["Verify menu pops up when courses clicked"]]>
              </value>
            </param>
            <param index="1">
              <value>
                <![CDATA["Optional[clicking through different courses]"]]>
              </value>
            </param>
          </params>
          <reporter-output>
          </reporter-output>
        </test-method> <!-- runScenario -->
        <test-method is-config="true" signature="tearDownClass()[pri:0, instance:seleniumCucumberReact.RunCucumberTest@68ceda24]" started-at="2021-09-29T13:53:45 PDT" name="tearDownClass" finished-at="2021-09-29T13:53:47 PDT" duration-ms="2068" status="PASS">
          <reporter-output>
          </reporter-output>
        </test-method> <!-- tearDownClass -->
      </class> <!-- seleniumCucumberReact.RunCucumberTest -->
    </test> <!-- Command line test -->
  </suite> <!-- seleniumCucumberReact.RunCucumberTest -->
</testng-results>
